[debug] [2021-10-05T08:06:37.030Z] ----------------------------------------------------------------------
[debug] [2021-10-05T08:06:37.032Z] Command:       C:\Program Files\nodejs\node.exe C:\Users\naimi\AppData\Roaming\npm\node_modules\firebase-tools\lib\bin\firebase.js init
[debug] [2021-10-05T08:06:37.033Z] CLI Version:   9.19.0
[debug] [2021-10-05T08:06:37.033Z] Platform:      win32
[debug] [2021-10-05T08:06:37.033Z] Node Version:  v14.17.6
[debug] [2021-10-05T08:06:37.034Z] Time:          Tue Oct 05 2021 14:06:37 GMT+0600 (Bangladesh Standard Time)
[debug] [2021-10-05T08:06:37.034Z] ----------------------------------------------------------------------
[debug] 
[debug] [2021-10-05T08:06:37.094Z] > command requires scopes: ["email","openid","https://www.googleapis.com/auth/cloudplatformprojects.readonly","https://www.googleapis.com/auth/firebase","https://www.googleapis.com/auth/cloud-platform"]
[debug] [2021-10-05T08:06:37.095Z] > authorizing via signed-in user (programmer.naim1@gmail.com)
[info] 
     ######## #### ########  ######## ########     ###     ######  ########
     ##        ##  ##     ## ##       ##     ##  ##   ##  ##       ##
     ######    ##  ########  ######   ########  #########  ######  ######
     ##        ##  ##    ##  ##       ##     ## ##     ##       ## ##
     ##       #### ##     ## ######## ########  ##     ##  ######  ########

You're about to initialize a Firebase project in this directory:

  C:\projects\doctors-portal\client

Before we get started, keep in mind:

  * You are currently outside your home directory
  * You are initializing within an existing Firebase project directory

